e:\4d_detect_final\build\4d_detect\x64\release\batchnorm_layer.obj
e:\4d_detect_final\build\4d_detect\x64\release\deconvolutional_layer.obj
e:\4d_detect_final\build\4d_detect\x64\release\gettimeofday.obj
e:\4d_detect_final\build\4d_detect\x64\release\nightmare.obj
e:\4d_detect_final\build\4d_detect\x64\release\shortcut_layer.obj
e:\4d_detect_final\build\4d_detect\x64\release\activations.obj
e:\4d_detect_final\build\4d_detect\x64\release\cpu_gemm.obj
e:\4d_detect_final\build\4d_detect\x64\release\4d_net.obj
e:\4d_detect_final\build\4d_detect\x64\release\getopt.obj
e:\4d_detect_final\build\4d_detect\x64\release\layer.obj
e:\4d_detect_final\build\4d_detect\x64\release\normalization_layer.obj
e:\4d_detect_final\build\4d_detect\x64\release\rnn_vid.obj
e:\4d_detect_final\build\4d_detect\x64\release\avgpool_layer.obj
e:\4d_detect_final\build\4d_detect\x64\release\cuda.obj
e:\4d_detect_final\build\4d_detect\x64\release\gemm.obj
e:\4d_detect_final\build\4d_detect\x64\release\matrix.obj
e:\4d_detect_final\build\4d_detect\x64\release\parser.obj
e:\4d_detect_final\build\4d_detect\x64\release\tree.obj
e:\4d_detect_final\build\4d_detect\x64\release\activation_layer.obj
e:\4d_detect_final\build\4d_detect\x64\release\crop_layer.obj
e:\4d_detect_final\build\4d_detect\x64\release\detector.obj
e:\4d_detect_final\build\4d_detect\x64\release\local_layer.obj
e:\4d_detect_final\build\4d_detect\x64\release\region_layer.obj
e:\4d_detect_final\build\4d_detect\x64\release\softmax_layer.obj
e:\4d_detect_final\build\4d_detect\x64\release\net.obj
e:\4d_detect_final\build\4d_detect\x64\release\col2im.obj
e:\4d_detect_final\build\4d_detect\x64\release\convolutional_layer.obj
e:\4d_detect_final\build\4d_detect\x64\release\detection_layer.obj
e:\4d_detect_final\build\4d_detect\x64\release\im2col.obj
e:\4d_detect_final\build\4d_detect\x64\release\list.obj
e:\4d_detect_final\build\4d_detect\x64\release\maxpool_layer.obj
e:\4d_detect_final\build\4d_detect\x64\release\reorg_layer.obj
e:\4d_detect_final\build\4d_detect\x64\release\swag.obj
e:\4d_detect_final\build\4d_detect\x64\release\box.obj
e:\4d_detect_final\build\4d_detect\x64\release\cost_layer.obj
e:\4d_detect_final\build\4d_detect\x64\release\demo.obj
e:\4d_detect_final\build\4d_detect\x64\release\option_list.obj
e:\4d_detect_final\build\4d_detect\x64\release\reorg_old_layer.obj
e:\4d_detect_final\build\4d_detect\x64\release\upsample_layer.obj
e:\4d_detect_final\build\4d_detect\x64\release\connected_layer.obj
e:\4d_detect_final\build\4d_detect\x64\release\data.obj
e:\4d_detect_final\build\4d_detect\x64\release\image.obj
e:\4d_detect_final\build\4d_detect\x64\release\route_layer.obj
e:\4d_detect_final\build\4d_detect\x64\release\yolo_layer.obj
e:\4d_detect_final\build\4d_detect\x64\release\blas.obj
e:\4d_detect_final\build\4d_detect\x64\release\crnn_layer.obj
e:\4d_detect_final\build\4d_detect\x64\release\dropout_layer.obj
e:\4d_detect_final\build\4d_detect\x64\release\gru_layer.obj
e:\4d_detect_final\build\4d_detect\x64\release\network.obj
e:\4d_detect_final\build\4d_detect\x64\release\rnn_layer.obj
e:\4d_detect_final\build\4d_detect\x64\release\utils.obj
e:\4d_detect_final\build\4d_detect\x64\release\vc140.pdb
e:\4d_detect_final\build\4d_detect\x64\release\http_stream.obj
e:\4d_detect_final\build\4d_detect\x64\4d_detect.exe
e:\4d_detect_final\build\4d_detect\x64\4d_detect.ipdb
e:\4d_detect_final\build\4d_detect\x64\4d_detect.iobj
e:\4d_detect_final\build\4d_detect\x64\4d_detect.pdb
e:\4d_detect\build\4d_detect\x64\release\activation_kernels.cu.cache
e:\4d_detect\build\4d_detect\x64\release\avgpool_layer_kernels.cu.cache
e:\4d_detect\build\4d_detect\x64\release\blas_kernels.cu.cache
e:\4d_detect\build\4d_detect\x64\release\col2im_kernels.cu.cache
e:\4d_detect\build\4d_detect\x64\release\convolutional_kernels.cu.cache
e:\4d_detect\build\4d_detect\x64\release\crop_layer_kernels.cu.cache
e:\4d_detect\build\4d_detect\x64\release\deconvolutional_kernels.cu.cache
e:\4d_detect\build\4d_detect\x64\release\dropout_layer_kernels.cu.cache
e:\4d_detect\build\4d_detect\x64\release\im2col_kernels.cu.cache
e:\4d_detect\build\4d_detect\x64\release\maxpool_layer_kernels.cu.cache
e:\4d_detect\build\4d_detect\x64\release\network_kernels.cu.cache
e:\4d_detect\build\4d_detect\x64\release\col2im_kernels.cu.obj
e:\4d_detect\build\4d_detect\x64\release\activation_kernels.cu.obj
e:\4d_detect\build\4d_detect\x64\release\deconvolutional_kernels.cu.obj
e:\4d_detect\build\4d_detect\x64\release\dropout_layer_kernels.cu.obj
e:\4d_detect\build\4d_detect\x64\release\convolutional_kernels.cu.obj
e:\4d_detect\build\4d_detect\x64\release\avgpool_layer_kernels.cu.obj
e:\4d_detect\build\4d_detect\x64\release\crop_layer_kernels.cu.obj
e:\4d_detect\build\4d_detect\x64\release\blas_kernels.cu.obj
e:\4d_detect\build\4d_detect\x64\release\im2col_kernels.cu.obj
e:\4d_detect\build\4d_detect\x64\release\maxpool_layer_kernels.cu.obj
e:\4d_detect\build\4d_detect\x64\release\network_kernels.cu.obj
e:\4d_detect\build\4d_detect\x64\release\col2im.obj
e:\4d_detect\build\4d_detect\x64\release\box.obj
e:\4d_detect\build\4d_detect\x64\release\activations.obj
e:\4d_detect\build\4d_detect\x64\release\blas.obj
e:\4d_detect\build\4d_detect\x64\release\activation_layer.obj
e:\4d_detect\build\4d_detect\x64\release\avgpool_layer.obj
e:\4d_detect\build\4d_detect\x64\release\connected_layer.obj
e:\4d_detect\build\4d_detect\x64\release\cpu_gemm.obj
e:\4d_detect\build\4d_detect\x64\release\batchnorm_layer.obj
e:\4d_detect\build\4d_detect\x64\release\cost_layer.obj
e:\4d_detect\build\4d_detect\x64\release\convolutional_layer.obj
e:\4d_detect\build\4d_detect\x64\release\crop_layer.obj
e:\4d_detect\build\4d_detect\x64\release\crnn_layer.obj
e:\4d_detect\build\4d_detect\x64\release\cuda.obj
e:\4d_detect\build\4d_detect\x64\release\4d_net.obj
e:\4d_detect\build\4d_detect\x64\release\deconvolutional_layer.obj
e:\4d_detect\build\4d_detect\x64\release\dropout_layer.obj
e:\4d_detect\build\4d_detect\x64\release\detection_layer.obj
e:\4d_detect\build\4d_detect\x64\release\data.obj
e:\4d_detect\build\4d_detect\x64\release\getopt.obj
e:\4d_detect\build\4d_detect\x64\release\im2col.obj
e:\4d_detect\build\4d_detect\x64\release\detector.obj
e:\4d_detect\build\4d_detect\x64\release\gemm.obj
e:\4d_detect\build\4d_detect\x64\release\list.obj
e:\4d_detect\build\4d_detect\x64\release\gru_layer.obj
e:\4d_detect\build\4d_detect\x64\release\gettimeofday.obj
e:\4d_detect\build\4d_detect\x64\release\layer.obj
e:\4d_detect\build\4d_detect\x64\release\demo.obj
e:\4d_detect\build\4d_detect\x64\release\matrix.obj
e:\4d_detect\build\4d_detect\x64\release\local_layer.obj
e:\4d_detect\build\4d_detect\x64\release\maxpool_layer.obj
e:\4d_detect\build\4d_detect\x64\release\option_list.obj
e:\4d_detect\build\4d_detect\x64\release\network.obj
e:\4d_detect\build\4d_detect\x64\release\normalization_layer.obj
e:\4d_detect\build\4d_detect\x64\release\image.obj
e:\4d_detect\build\4d_detect\x64\release\nightmare.obj
e:\4d_detect\build\4d_detect\x64\release\region_layer.obj
e:\4d_detect\build\4d_detect\x64\release\reorg_layer.obj
e:\4d_detect\build\4d_detect\x64\release\parser.obj
e:\4d_detect\build\4d_detect\x64\release\reorg_old_layer.obj
e:\4d_detect\build\4d_detect\x64\release\rnn_layer.obj
e:\4d_detect\build\4d_detect\x64\release\route_layer.obj
e:\4d_detect\build\4d_detect\x64\release\softmax_layer.obj
e:\4d_detect\build\4d_detect\x64\release\shortcut_layer.obj
e:\4d_detect\build\4d_detect\x64\release\tree.obj
e:\4d_detect\build\4d_detect\x64\release\rnn_vid.obj
e:\4d_detect\build\4d_detect\x64\release\net.obj
e:\4d_detect\build\4d_detect\x64\release\swag.obj
e:\4d_detect\build\4d_detect\x64\release\upsample_layer.obj
e:\4d_detect\build\4d_detect\x64\release\yolo_layer.obj
e:\4d_detect\build\4d_detect\x64\release\utils.obj
e:\4d_detect\build\4d_detect\x64\release\http_stream.obj
e:\4d_detect\build\4d_detect\x64\release\vc140.pdb
e:\4d_detect\build\4d_detect\x64\4d_detect.pdb
e:\4d_detect\build\4d_detect\x64\4d_detect.exe
e:\4d_detect\build\4d_detect\x64\release\4d_detect.tlog\cl.read.1.tlog
e:\4d_detect\build\4d_detect\x64\release\4d_detect.tlog\cl.write.1.tlog
e:\4d_detect\build\4d_detect\x64\release\4d_detect.tlog\cl.command.1.tlog
e:\4d_detect\build\4d_detect\x64\release\4d_detect.tlog\link.read.3.tlog
e:\4d_detect\build\4d_detect\x64\release\4d_detect.tlog\link.write.1.tlog
e:\4d_detect\build\4d_detect\x64\release\4d_detect.tlog\link.command.1.tlog
